0, 0
0, 0
0, 0
0, 0
0, 0
0, 0
0, 0
0, 0
0, 0
0, 0
0, 0
0, 0
0, 0
0, 0
0, 0
0, 0
767, 274
767, 273
767, 273
767, 272
766, 272
765, 271
764, 271
764, 270
762, 269
759, 269
756, 265
752, 262
746, 259
741, 253
730, 240
718, 225
704, 201
692, 176
679, 156
668, 142
661, 131
655, 120
655, 120
650, 108
647, 103
645, 99
644, 95
643, 90
641, 86
641, 82
641, 79
641, 75
641, 71
641, 67
641, 62
641, 57
641, 51
641, 44
641, 39
640, 33
640, 26
640, 20
640, 15
642, 11
645, 7
647, 3
648, 0
648, 0
648, 0
648, 0
648, 0
648, 0
648, 0
648, 0
648, 0
648, 0
648, 0
648, 0
648, 0
648, 0
648, 0
648, 0
648, 0
648, 0
648, 0
648, 0
648, 0
648, 0
648, 0
648, 0
648, 0
648, 0
648, 0
648, 0
648, 0
648, 0
652, 3
648, 9
643, 16
634, 25
621, 39
606, 55
595, 67
586, 79
581, 89
576, 95
571, 103
569, 108
568, 113
568, 116
568, 120
568, 124
568, 128
568, 132
568, 137
568, 137
568, 141
568, 146
568, 153
568, 158
570, 164
573, 170
577, 176
580, 183
584, 189
586, 191
590, 194
592, 196
593, 197
594, 198
595, 199
597, 201
599, 204
602, 207
604, 210
606, 212
607, 214
609, 216
610, 218
611, 220
613, 221
614, 222
614, 222
614, 222
614, 222
614, 222
614, 222
614, 222
614, 223
615, 223
615, 224
615, 225
616, 226
618, 226
619, 228
620, 229
622, 231
624, 233
627, 234
629, 238
630, 239
631, 240
632, 241
633, 243
633, 245
633, 249
633, 253
629, 262
619, 276
609, 292
596, 306
585, 320
569, 336
557, 350
550, 359
545, 365
541, 370
538, 374
536, 376
534, 378
532, 381
531, 383
530, 385
528, 387
527, 388
527, 388
527, 388
527, 388
527, 388
527, 388
527, 388
527, 388
527, 388
527, 388
527, 388
527, 388
527, 388
527, 388
528, 388
530, 388
done
531, 388
532, 388
534, 388
535, 388
536, 388
536, 388
536, 388
536, 388
536, 388
536, 388
537, 388
538, 388
538, 388
538, 388
538, 386
538, 385
539, 384
539, 383
539, 375
539, 360
538, 351
538, 348
537, 346
536, 345
535, 343
533, 341
532, 337
529, 333
526, 326
520, 320
511, 309
495, 291
479, 276
464, 265
455, 258
444, 253
436, 252
430, 250
427, 250
424, 250
421, 250
420, 250
418, 250
418, 250
416, 249
412, 249
409, 249
407, 249
406, 249
404, 249
404, 249
404, 249
404, 249
404, 249
404, 249
404, 249
404, 249
404, 249
404, 249
404, 249
404, 249
404, 249
404, 249
403, 249
402, 249
401, 249
400, 248
398, 247
397, 246
396, 245
395, 244
395, 244
394, 243
394, 242
394, 240
394, 233
395, 222
396, 217
399, 213
401, 211
403, 210
403, 210
404, 210
404, 210
404, 210
404, 210
405, 210
405, 210
405, 210
405, 210
405, 210
405, 210
406, 210
407, 210
408, 210
409, 210
411, 210
412, 210
414, 210
417, 211
420, 212
424, 214
431, 218
439, 220
439, 220
446, 224
455, 229
465, 236
473, 242
483, 247
489, 249
492, 251
495, 253
496, 254
500, 258
503, 263
505, 268
508, 276
510, 282
511, 285
512, 287
512, 288
512, 288
512, 288
512, 288
512, 288
512, 288
512, 288
512, 288
513, 288
513, 288
513, 289
513, 289
513, 289
514, 289
514, 289
514, 289
514, 289
514, 289
515, 289
515, 289
515, 289
515, 289
515, 289
515, 289
515, 289
515, 289
515, 289
515, 289
513, 289
506, 288
485, 283
453, 276
432, 274
done
413, 270
390, 263
372, 259
363, 255
360, 254
358, 253
358, 253
357, 253
357, 253
357, 253
357, 253
357, 253
357, 253
357, 253
357, 253
357, 253
357, 253
357, 253
357, 253
357, 253
357, 253
357, 253
357, 253
356, 253
352, 253
347, 253
339, 250
320, 242
295, 230
261, 215
237, 200
219, 191
215, 189
215, 189
215, 189
216, 189
216, 189
216, 189
216, 189
216, 189
216, 189
216, 189
216, 189
216, 189
216, 189
216, 189
216, 189
216, 189
217, 189
218, 189
219, 189
221, 189
221, 189
225, 189
230, 190
237, 190
241, 191
244, 191
247, 191
251, 191
257, 192
277, 195
314, 201
368, 207
436, 210
517, 212
564, 214
581, 214
582, 215
582, 215
582, 215
582, 215
582, 215
582, 215
582, 215
582, 215
582, 215
582, 215
582, 215
582, 216
581, 217
579, 218
576, 220
574, 222
572, 224
568, 230
565, 233
563, 237
562, 239
562, 239
561, 239
561, 240
560, 241
558, 243
556, 243
549, 244
537, 244
523, 243
507, 237
479, 222
479, 222
448, 202
420, 188
407, 180
402, 179
401, 179
401, 179
401, 179
401, 179
401, 179
401, 179
401, 179
401, 179
401, 179
401, 179
400, 179
396, 179
390, 179
380, 179
367, 179
344, 179
307, 177
275, 169
232, 163
198, 154
188, 153
185, 153
185, 153
185, 153
185, 153
185, 153
185, 153
185, 153
185, 153
185, 153
185, 153
185, 153
185, 153
185, 153
186, 153
186, 153
186, 153
187, 153
188, 155
192, 165
199, 178
202, 189
203, 201
207, 217
208, 230
211, 238
216, 242
222, 249
225, 253
227, 256
229, 258
229, 258
230, 259
230, 259
231, 259
231, 260
233, 260
234, 260
236, 260
240, 260
243, 260
248, 260
259, 260
282, 260
321, 259
372, 259
422, 259
472, 259
522, 259
558, 260
579, 261
603, 264
618, 266
627, 270
638, 277
648, 283
656, 289
664, 294
672, 300
678, 305
683, 311
685, 314
688, 316
688, 319
689, 321
689, 323
689, 325
689, 325
689, 329
691, 332
693, 334
697, 338
698, 342
700, 348
700, 360
700, 376
done
704, 389
707, 404
712, 414
714, 419
717, 422
719, 426
719, 427
719, 428
719, 428
720, 428
720, 428
721, 428
722, 428
724, 428
725, 427
727, 425
730, 422
731, 418
733, 413
733, 413
733, 413
733, 413
733, 413
733, 413
733, 413
733, 413
done
733, 413
733, 413
733, 413
733, 413
733, 413
733, 413
731, 414
730, 417
728, 418
727, 419
726, 419
726, 419
725, 419
724, 417
721, 410
720, 401
720, 388
719, 375
716, 359
713, 352
711, 347
711, 345
711, 344
711, 342
711, 342
711, 342
711, 342
711, 342
711, 342
711, 342
711, 342
711, 342
711, 342
711, 342
711, 342
711, 342
711, 343
711, 345
711, 348
710, 353
709, 359
707, 363
702, 366
697, 370
690, 372
684, 372
678, 372
675, 370
675, 366
675, 363
676, 357
683, 345
695, 329
710, 312
done
728, 295
743, 280
752, 272
761, 262
766, 259
767, 259
767, 259
767, 259
767, 259
767, 259
767, 259
767, 259
767, 259
767, 259
767, 259
767, 259
767, 259
767, 260
767, 260
767, 261
767, 261
766, 262
765, 263
764, 264
759, 265
755, 268
748, 274
748, 274
744, 276
743, 276
742, 276
742, 276
742, 277
742, 277
743, 277
745, 278
749, 279
755, 279
764, 279
776, 282
788, 285
793, 286
793, 288
794, 288
794, 288
794, 288
794, 288
794, 288
794, 288
794, 288
794, 288
793, 288
792, 288
789, 290
784, 292
780, 293
775, 295
771, 297
769, 297
768, 297
766, 297
761, 295
759, 295
755, 294
748, 293
739, 290
720, 284
700, 275
679, 264
653, 257
630, 248
603, 240
564, 231
529, 218
503, 209
482, 205
460, 199
436, 188
415, 180
397, 168
384, 163
done
376, 159
370, 158
367, 156
365, 156
365, 156
365, 156
365, 156
365, 156
365, 156
365, 156
365, 156
365, 156
365, 156
365, 156
365, 156
365, 156
365, 156
365, 156
364, 156
364, 156
364, 156
364, 156
364, 159
364, 161
364, 164
364, 167
364, 170
364, 172
364, 174
364, 176
363, 177
362, 179
359, 179
353, 179
done
346, 179
337, 179
329, 179
323, 180
320, 180
319, 180
319, 180
319, 180
319, 180
319, 180
319, 180
319, 180
319, 180
319, 180
319, 180
319, 180
319, 180
319, 180
319, 180
319, 180
319, 181
319, 182
319, 183
319, 185
321, 189
323, 193
325, 197
326, 201
326, 205
327, 211
328, 217
330, 218
331, 219
332, 219
332, 220
332, 220
333, 220
335, 223
337, 224
338, 227
340, 231
344, 236
done
348, 243
352, 246
352, 248
352, 253
352, 258
352, 265
352, 276
351, 283
350, 291
350, 300
348, 306
348, 311
348, 314
348, 316
348, 318
349, 320
350, 320
351, 320
352, 320
352, 320
352, 320
355, 320
356, 320
358, 320
360, 320
361, 318
362, 318
365, 317
368, 314
374, 311
380, 308
389, 304
402, 296
418, 283
439, 267
470, 250
506, 233
536, 220
560, 213
done
571, 210
575, 209
576, 209
576, 209
576, 209
576, 209
576, 209
576, 209
576, 209
576, 209
576, 209
576, 209
576, 209
576, 209
576, 209
576, 209
576, 209
576, 209
575, 210
574, 212
574, 214
574, 214
574, 215
574, 216
574, 217
574, 218
573, 219
573, 220
571, 220
570, 220
567, 220
561, 215
555, 206
549, 195
542, 183
535, 177
534, 176
534, 176
534, 176
534, 176
534, 176
534, 176
534, 176
534, 176
534, 176
534, 176
534, 177
533, 178
533, 180
533, 180
532, 180
532, 180
532, 180
532, 180
532, 180
532, 180
532, 180
532, 180
532, 180
532, 180
532, 180
532, 180
532, 180
532, 179
532, 179
532, 180
532, 181
532, 182
532, 187
532, 190
532, 190
532, 194
532, 198
532, 199
532, 200
530, 201
done
530, 202
529, 202
529, 203
528, 204
528, 205
528, 208
528, 210
528, 214
528, 215
528, 215
528, 216
528, 216
528, 216
529, 216
529, 217
530, 219
531, 223
531, 227
531, 234
531, 238
531, 243
531, 244
532, 244
532, 244
532, 243
532, 242
534, 241
536, 239
537, 237
540, 235
541, 234
541, 234
541, 234
541, 234
541, 233
540, 232
538, 230
535, 226
531, 221
527, 216
521, 208
506, 191
492, 176
474, 158
456, 140
441, 130
427, 123
412, 114
399, 107
395, 106
394, 106
394, 106
394, 106
394, 106
394, 106
394, 106
394, 106
394, 107
394, 110
394, 113
394, 115
394, 117
394, 118
394, 120
394, 122
395, 124
397, 125
405, 128
413, 131
432, 138
456, 139
479, 143
502, 146
518, 146
527, 146
532, 146
538, 146
542, 146
547, 146
551, 146
554, 146
558, 144
560, 144
560, 144
563, 143
565, 141
568, 140
572, 138
574, 136
575, 136
575, 136
575, 136
575, 136
575, 136
575, 136
575, 136
575, 136
575, 136
575, 136
574, 136
573, 136
570, 136
568, 136
566, 136
563, 136
561, 136
558, 136
555, 137
553, 137
551, 138
548, 138
546, 138
542, 138
537, 138
533, 138
533, 138
526, 138
520, 137
511, 135
497, 129
483, 122
469, 116
461, 112
459, 112
done
458, 112
458, 112
458, 112
458, 112
458, 112
458, 112
458, 112
458, 112
458, 112
458, 112
458, 112
458, 112
458, 112
458, 112
459, 112
459, 112
459, 112
459, 112
459, 112
459, 112
460, 112
461, 112
462, 114
466, 117
473, 124
479, 129
488, 137
488, 137
502, 148
516, 160
533, 176
547, 188
555, 195
560, 201
564, 206
568, 210
575, 215
577, 219
583, 225
done
587, 230
594, 235
600, 239
605, 244
611, 248
615, 252
620, 255
626, 258
632, 262
636, 265
640, 268
645, 271
648, 274
649, 275
650, 277
651, 278
651, 279
651, 281
651, 284
650, 285
650, 287
649, 288
649, 288
649, 289
648, 289
648, 288
651, 284
655, 280
656, 279
656, 279
656, 279
656, 279
656, 279
done
656, 279
656, 279
656, 279
656, 279
656, 279
653, 276
649, 272
648, 271
647, 271
646, 271
645, 274
642, 278
637, 285
631, 299
616, 318
602, 331
585, 347
570, 361
558, 377
546, 396
539, 404
537, 410
537, 413
537, 414
537, 414
537, 414
537, 414
537, 414
537, 414
537, 414
537, 414
536, 414
535, 415
533, 417
532, 418
531, 419
530, 420
530, 420
529, 420
529, 420
529, 420
529, 420
529, 420
529, 420
529, 420
529, 420
530, 420
531, 420
531, 420
531, 420
532, 420
532, 420
532, 420
532, 420
532, 420
532, 420
532, 420
533, 420
534, 421
535, 422
536, 423
537, 424
538, 425
539, 426
539, 426
539, 427
541, 428
542, 429
543, 430
545, 431
548, 431
553, 431
557, 431
565, 430
576, 424
592, 411
599, 400
599, 399
599, 399
599, 399
599, 399
599, 399
599, 399
600, 396
602, 391
602, 387
598, 383
590, 376
585, 372
576, 370
576, 370
562, 369
548, 369
530, 369
513, 369
500, 373
484, 376
474, 377
457, 379
441, 380
421, 381
389, 381
done
350, 381
308, 381
268, 385
233, 392
193, 401
done
167, 412
147, 421
131, 432
121, 438
114, 446
108, 452
104, 456
102, 458
101, 459
101, 460
101, 461
101, 462
102, 464
105, 465
110, 468
118, 473
127, 475
141, 475
162, 475
183, 475
209, 475
227, 469
241, 461
254, 452
261, 443
261, 443
265, 434
266, 427
266, 418
266, 411
260, 402
254, 394
247, 386
239, 380
232, 375
224, 373
212, 369
204, 368
189, 368
180, 368
172, 372
161, 381
152, 392
142, 401
139, 407
137, 416
137, 422
137, 427
140, 431
144, 433
153, 436
163, 436
182, 439
197, 439
216, 439
235, 435
249, 430
262, 424
276, 414
286, 403
294, 396
299, 390
300, 388
300, 383
300, 382
300, 380
299, 379
294, 377
287, 375
287, 375
276, 373
261, 371
248, 370
234, 370
224, 370
214, 370
205, 370
200, 372
193, 377
188, 385
185, 388
183, 392
183, 396
183, 401
184, 406
188, 411
204, 422
227, 432
253, 439
277, 440
309, 443
345, 443
374, 443
398, 440
419, 438
436, 436
449, 435
462, 430
474, 423
483, 416
492, 413
500, 409
507, 407
512, 404
515, 404
515, 404
515, 404
515, 404
514, 404
508, 409
494, 422
476, 440
460, 454
439, 459
415, 459
392, 459
372, 459
351, 459
327, 459
307, 459
289, 459
278, 459
269, 458
259, 456
247, 452
236, 443
229, 437
221, 429
210, 413
205, 404
201, 398
197, 392
196, 386
195, 381
194, 375
191, 368
186, 360
186, 360
172, 345
160, 336
147, 331
136, 331
126, 331
117, 331
110, 330
106, 330
100, 329
99, 328
97, 326
93, 321
90, 318
87, 316
87, 315
87, 315
87, 315
87, 315
87, 315
87, 315
87, 315
87, 314
89, 312
94, 310
105, 303
128, 283
153, 263
193, 235
235, 195
263, 162
280, 144
298, 122
312, 103
323, 93
330, 85
330, 85
337, 78
345, 76
348, 76
349, 76
351, 76
353, 76
354, 77
354, 78
354, 82
354, 87
353, 96
351, 107
348, 122
346, 133
344, 142
342, 151
342, 151
341, 158
339, 168
338, 175
337, 179
337, 182
337, 186
337, 189
337, 194
337, 200
339, 208
340, 215
341, 221
341, 225
341, 228
341, 235
341, 240
341, 245
339, 248
337, 255
335, 258
333, 262
329, 268
326, 273
324, 278
323, 282
322, 286
322, 288
done
322, 289
323, 290
325, 291
333, 293
353, 293
393, 293
439, 292
481, 286
517, 281
538, 279
553, 276
560, 276
565, 276
571, 276
574, 276
575, 276
576, 276
576, 276
578, 276
578, 276
578, 276
578, 276
578, 277
575, 278
571, 280
560, 282
550, 284
536, 286
523, 288
508, 289
494, 291
479, 293
466, 297
455, 302
455, 302
441, 306
430, 312
419, 317
411, 322
404, 329
399, 335
397, 340
393, 349
393, 357
393, 364
394, 372
398, 377
408, 385
done
420, 392
435, 397
454, 401
475, 402
496, 402
513, 401
530, 399
546, 396
560, 388
571, 381
579, 372
581, 368
582, 365
582, 364
582, 362
581, 361
578, 359
575, 357
570, 355
560, 351
549, 343
537, 339
526, 334
522, 331
518, 330
517, 330
515, 329
514, 328
511, 327
511, 327
506, 326
502, 325
498, 324
494, 322
492, 320
490, 319
488, 318
488, 317
487, 317
487, 317
487, 317
487, 317
487, 317
487, 317
487, 317
487, 318
488, 320
490, 324
494, 329
499, 335
509, 341
517, 346
527, 349
537, 354
549, 356
562, 358
578, 358
594, 358
607, 354
614, 349
619, 344
622, 339
629, 334
633, 326
636, 316
638, 307
638, 299
638, 291
638, 286
638, 280
638, 275
637, 272
636, 270
634, 269
634, 268
634, 268
634, 267
634, 266
634, 264
637, 261
643, 255
655, 251
669, 244
697, 236
729, 224
756, 213
776, 203
789, 197
800, 194
807, 189
810, 184
812, 182
814, 178
814, 174
815, 171
815, 165
815, 160
815, 156
done
815, 150
815, 144
815, 140
815, 139
815, 138
done
815, 138
815, 138
815, 138
814, 138
809, 138
805, 138
801, 138
797, 138
796, 138
795, 138
795, 138
795, 138
795, 138
795, 138
795, 138
795, 138
795, 138
795, 138
795, 138
795, 138
795, 138
795, 138
795, 138
795, 138
795, 138
795, 138
795, 138
795, 138
795, 138
796, 138
800, 139
803, 141
804, 143
806, 145
807, 146
808, 147
808, 148
809, 149
810, 151
810, 155
810, 159
810, 163
811, 164
812, 165
813, 165
816, 165
823, 165
837, 165
863, 162
892, 154
912, 145
925, 140
934, 137
936, 136
937, 136
938, 136
938, 136
938, 135
939, 135
done
939, 134
939, 134
done
939, 134
939, 134
939, 134
939, 134
939, 134
938, 134
937, 134
933, 135
928, 135
921, 136
914, 136
905, 136
900, 135
892, 133
879, 130
868, 126
853, 121
841, 121
831, 121
831, 121
826, 121
820, 121
816, 121
813, 121
810, 121
808, 121
804, 121
800, 121
790, 121
783, 121
776, 121
772, 121
770, 122
768, 123
766, 125
764, 129
763, 138
763, 153
763, 168
763, 194
765, 245
767, 299
767, 350
767, 385
767, 425
765, 465
759, 491
750, 508
745, 520
738, 529
732, 535
728, 539
725, 542
722, 545
719, 547
715, 550
713, 552
713, 552
713, 552
713, 552
713, 552
713, 552
713, 552
713, 552
713, 552
713, 552
713, 551
713, 544
713, 532
713, 510
713, 484
710, 455
706, 423
705, 391
700, 350
698, 321
693, 305
692, 297
691, 294
689, 291
689, 287
689, 286
689, 284
689, 283
689, 283
689, 283
689, 283
689, 283
689, 283
689, 283
done
689, 283
689, 283
689, 283
689, 283
689, 283
689, 283
689, 283
689, 283
689, 282
689, 280
691, 278
695, 277
704, 275
715, 274
730, 273
743, 273
757, 273
762, 273
762, 273
764, 273
765, 273
765, 273
765, 273
765, 273
765, 273
765, 273
765, 273
765, 273
done
765, 273
765, 274
765, 276
764, 288
760, 307
754, 330
752, 354
752, 372
752, 384
752, 393
752, 399
752, 407
752, 413
752, 421
753, 427
753, 433
753, 434
753, 435
754, 435
755, 435
757, 435
762, 434
775, 428
794, 415
815, 402
835, 388
849, 380
859, 374
864, 370
868, 368
869, 366
870, 365
done
870, 364
870, 364
870, 364
870, 364
870, 364
870, 364
868, 364
863, 364
854, 367
840, 376
827, 383
816, 386
809, 386
807, 386
803, 382
797, 375
790, 368
787, 361
782, 353
778, 339
776, 321
775, 310
775, 306
775, 304
776, 302
778, 299
783, 295
789, 290
794, 287
803, 286
812, 285
821, 285
829, 285
835, 286
838, 288
840, 293
844, 299
850, 310
857, 321
857, 321
862, 326
869, 333
873, 337
878, 344
881, 348
883, 354
890, 367
893, 376
897, 386
902, 396
905, 404
910, 414
916, 423
921, 426
928, 433
936, 440
done
943, 448
948, 452
955, 458
963, 466
969, 471
975, 477
980, 483
987, 488
994, 492
998, 495
1002, 498
1007, 499
1013, 501
1019, 504
1023, 504
1028, 507
1035, 509
1044, 516
1052, 522
1059, 528
1065, 532
1068, 534
1071, 535
1073, 535
1074, 536
1075, 536
1076, 536
1076, 536
1076, 536
1076, 534
1076, 525
1063, 503
1047, 477
1010, 437
972, 405
943, 389
903, 362
879, 340
869, 327
858, 319
851, 310
848, 306
845, 304
841, 297
837, 291
831, 283
823, 276
814, 268
807, 259
801, 252
792, 243
784, 231
779, 219
772, 206
767, 197
766, 192
done
765, 186
765, 183
765, 182
766, 182
768, 181
771, 179
775, 179
780, 178
787, 178
795, 178
801, 178
808, 179
814, 181
821, 184
828, 187
837, 188
843, 188
843, 188
850, 189
855, 189
866, 189
882, 188
903, 182
924, 174
943, 165
960, 156
969, 150
975, 145
981, 139
985, 136
987, 134
990, 131
990, 130
991, 129
991, 128
991, 128
done
991, 128
991, 128
991, 128
991, 128
990, 128
986, 129
981, 131
976, 133
972, 135
969, 136
967, 138
966, 140
966, 144
966, 148
966, 154
966, 162
966, 170
966, 185
967, 198
971, 212
972, 221
976, 228
980, 238
984, 244
988, 249
991, 253
993, 255
995, 258
998, 261
1003, 269
1005, 276
1009, 280
1010, 283
1010, 284
1010, 284
1011, 284
done
1011, 284
1012, 284
1015, 280
1016, 275
1016, 265
1016, 252
1012, 241
1006, 229
999, 220
993, 214
989, 213
985, 211
983, 210
981, 210
978, 210
975, 210
972, 210
969, 210
967, 210
964, 211
962, 211
961, 211
959, 212
956, 214
953, 218
952, 221
951, 223
done
949, 225
948, 228
945, 235
943, 245
940, 255
940, 264
943, 271
945, 276
951, 285
957, 296
969, 314
978, 329
988, 340
994, 346
997, 350
998, 351
done
998, 352
998, 352
998, 352
998, 352
998, 352
998, 352
998, 352
998, 352
998, 352
998, 352
997, 352
995, 352
992, 352
988, 352
980, 352
done
969, 351
956, 351
940, 351
928, 350
917, 340
904, 324
883, 285
862, 239
845, 213
825, 188
804, 163
786, 145
774, 135
763, 128
751, 122
737, 117
723, 114
709, 113
693, 108
679, 104
669, 99
661, 99
657, 99
done
652, 99
650, 99
648, 99
646, 99
645, 99
644, 99
644, 100
644, 100
644, 101
644, 102
644, 104
645, 107
650, 113
661, 118
679, 126
708, 136
755, 156
812, 183
874, 226
929, 267
966, 300
992, 321
1012, 344
1012, 344
1020, 354
1025, 362
1028, 367
1029, 375
1030, 382
1030, 390
done
1032, 400
1032, 407
1032, 413
1032, 420
1029, 424
1026, 427
1024, 430
1020, 431
1018, 431
1017, 431
1015, 431
1013, 430
1011, 427
1009, 423
997, 405
986, 383
969, 334
947, 282
921, 223
896, 178
879, 158
872, 148
866, 140
863, 132
858, 123
852, 113
847, 106
844, 104
844, 102
842, 100
842, 100
842, 100
done
842, 100
842, 100
842, 100
841, 100
839, 105
834, 122
825, 154
809, 198
790, 253
769, 309
747, 366
727, 420
727, 420
719, 467
716, 486
716, 499
716, 508
716, 518
716, 524
716, 533
716, 539
716, 544
716, 547
716, 549
716, 550
716, 553
716, 555
716, 556
716, 557
716, 558
717, 558
717, 559
717, 560
717, 560
done
718, 561
718, 561
719, 561
720, 561
721, 561
722, 563
728, 564
732, 564
737, 564
742, 564
750, 567
759, 569
766, 569
772, 569
779, 569
783, 571
786, 571
787, 571
788, 571
789, 571
789, 571
790, 571
790, 569
790, 568
791, 568
791, 566
791, 563
done
792, 557
792, 554
792, 552
792, 551
792, 548
792, 545
791, 542
791, 541
790, 540
790, 537
790, 534
789, 531
789, 524
788, 509
787, 494
787, 481
787, 470
787, 462
787, 454
787, 454
787, 445
787, 440
787, 433
788, 426
789, 421
790, 419
790, 418
790, 418
790, 418
790, 418
789, 420
785, 435
775, 462
done
762, 495
753, 518
747, 531
744, 541
742, 550
741, 558
740, 564
739, 567
738, 571
738, 574
737, 576
737, 577
737, 580
736, 581
736, 582
736, 582
736, 582
736, 582
736, 582
736, 582
736, 582
736, 582
736, 582
736, 581
736, 577
736, 573
739, 565
741, 555
744, 544
745, 536
746, 527
747, 520
747, 515
747, 508
748, 502
748, 498
748, 496
748, 494
748, 493
748, 492
748, 491
748, 491
748, 491
748, 491
748, 491
748, 491
748, 491
748, 492
742, 501
735, 515
719, 546
710, 564
700, 577
693, 584
690, 591
687, 596
686, 598
686, 598
685, 598
685, 598
685, 598
685, 598
done
685, 598
685, 598
685, 598
685, 598
685, 598
685, 598
685, 598
685, 598
685, 598
685, 598
685, 598
686, 598
686, 598
done
691, 596
701, 594
717, 592
731, 589
760, 581
779, 575
802, 569
823, 569
837, 569
847, 569
856, 569
862, 569
869, 569
876, 569
883, 569
893, 569
896, 569
900, 569
902, 569
903, 569
903, 569
903, 569
903, 569
903, 569
903, 569
903, 569
903, 569
903, 569
903, 569
903, 569
903, 569
903, 569
903, 569
903, 569
903, 569
903, 569
903, 569
903, 569
903, 569
903, 569
903, 569
902, 568
899, 565
892, 554
872, 531
856, 508
840, 487
828, 475
823, 471
821, 469
821, 469
821, 469
821, 469
821, 469
821, 469
821, 469
821, 469
821, 469
821, 469
821, 469
821, 469
821, 469
821, 469
821, 469
822, 470
826, 473
833, 477
847, 485
872, 498
902, 512
931, 523
966, 540
1002, 560
1024, 572
1042, 582
1054, 590
1066, 600
1078, 608
1087, 614
1092, 617
1097, 621
1103, 625
1104, 626
1106, 628
1107, 629
1107, 629
1107, 629
1107, 629
1107, 629
1107, 629
1107, 629
1107, 629
1107, 629
1107, 629
1107, 629
1107, 629
1106, 629
1102, 626
1095, 621
1088, 616
1081, 612
1074, 608
1067, 604
1057, 596
1041, 583
1025, 568
1012, 557
1010, 555
1007, 552
1005, 550
1004, 549
1002, 547
1000, 545
done
997, 543
995, 541
992, 540
990, 538
987, 537
983, 536
975, 532
964, 530
948, 526
948, 526
922, 525
890, 520
843, 520
797, 520
746, 520
696, 520
664, 520
635, 520
599, 516
560, 516
534, 516
516, 516
492, 516
471, 516
445, 516
428, 516
412, 516
397, 516
386, 516
378, 516
372, 516
366, 516
361, 516
356, 516
352, 516
348, 516
343, 516
341, 516
341, 516
done
341, 516
341, 516
341, 516
343, 515
347, 513
359, 509
373, 502
392, 494
392, 494
413, 485
429, 476
442, 473
450, 470
455, 469
457, 469
459, 469
460, 468
461, 468
462, 468
done
462, 468
463, 468
done
463, 468
463, 468
464, 468
464, 468
465, 468
465, 468
465, 468
465, 468
465, 468
465, 468
465, 468
465, 468
465, 468
465, 468
467, 471
472, 479
480, 491
486, 506
492, 512
496, 515
498, 516
498, 517
498, 517
498, 517
498, 517
498, 517
498, 517
498, 517
498, 517
498, 517
498, 517
497, 513
492, 506
479, 491
461, 473
done
433, 452
433, 452
394, 430
338, 405
289, 382
239, 360
210, 350
191, 346
180, 344
171, 344
165, 344
162, 344
160, 344
159, 344
158, 344
158, 344
158, 344
158, 344
158, 344
158, 344
158, 344
158, 344
158, 344
158, 344
158, 344
158, 342
160, 338
165, 334
171, 327
186, 313
204, 296
221, 279
237, 263
246, 257
254, 249
257, 247
259, 245
260, 243
261, 241
263, 239
264, 238
264, 237
264, 236
264, 236
264, 236
264, 236
264, 236
264, 236
264, 236
done
264, 236
264, 236
264, 236
264, 236
264, 236
264, 238
266, 250
270, 258
275, 265
282, 270
298, 283
337, 307
395, 338
449, 363
504, 385
554, 398
596, 408
620, 409
630, 409
633, 409
633, 409
633, 409
633, 409
633, 409
633, 409
633, 409
633, 409
633, 409
633, 409
633, 409
done
633, 409
623, 404
609, 399
609, 399
586, 393
549, 390
503, 385
456, 385
421, 385
402, 385
397, 385
396, 385
395, 385
395, 385
395, 385
395, 385
395, 385
395, 385
395, 385
395, 385
395, 385
395, 385
395, 385
395, 385
396, 385
399, 385
407, 385
done
421, 384
453, 381
508, 381
562, 381
625, 372
675, 368
723, 363
752, 363
771, 363
780, 363
787, 363
790, 363
791, 362
791, 362
791, 362
791, 362
791, 362
791, 362
791, 362
791, 362
791, 362
791, 362
791, 362
791, 362
791, 362
791, 362
791, 362
791, 362
791, 362
791, 362
791, 362
792, 361
800, 357
811, 351
839, 331
881, 301
927, 276
970, 260
994, 254
1007, 251
1016, 250
1023, 250
1028, 250
1036, 250
1042, 250
1048, 250
1052, 249
1054, 249
1059, 249
1061, 249
1064, 249
1067, 249
1070, 249
done
1072, 249
1072, 249
1072, 249
1072, 249
1072, 249
1072, 249
1072, 249
1072, 249
1072, 250
1070, 250
1069, 250
1067, 250
1066, 250
1065, 250
1063, 250
1061, 250
1054, 248
1046, 242
1031, 237
1016, 229
988, 222
962, 211
941, 203
929, 196
920, 193
917, 192
917, 192
916, 192
done
916, 192
916, 192
916, 192
916, 192
916, 192
916, 192
916, 192
916, 192
916, 192
916, 192
916, 193
915, 203
915, 216
913, 256
910, 288
908, 314
902, 335
894, 356
884, 378
870, 394
860, 406
849, 417
841, 424
837, 426
834, 428
832, 430
831, 431
831, 432
830, 432
830, 432
830, 432
830, 432
830, 432
830, 432
830, 432
830, 432
830, 432
830, 432
done
830, 432
830, 432
830, 432
829, 432
829, 432
828, 432
828, 431
828, 429
830, 417
843, 376
864, 330
880, 304
886, 295
894, 289
900, 282
908, 276
916, 270
916, 270
930, 263
943, 254
955, 245
968, 238
977, 235
989, 231
999, 229
1006, 228
1014, 226
1023, 225
1032, 225
done
1039, 225
1045, 225
1051, 225
1057, 225
1063, 225
1070, 225
1076, 225
1084, 225
1093, 225
1105, 225
1116, 225
1125, 225
1132, 224
1140, 223
1146, 220
1150, 218
1152, 217
1153, 216
1154, 215
1154, 215
1154, 215
1154, 215
1154, 215
1154, 215
1154, 215
1154, 215
1153, 215
1150, 217
1146, 220
1137, 227
1127, 232
done
1111, 240
1097, 246
1078, 253
1064, 261
1042, 270
1027, 277
1004, 283
977, 286
947, 286
909, 286
866, 286
834, 286
809, 287
790, 288
773, 288
764, 288
756, 288
748, 288
744, 288
741, 288
738, 288
736, 288
734, 288
734, 288
734, 288
734, 288
734, 288
736, 288
744, 287
757, 287
776, 287
808, 287
844, 288
883, 300
919, 318
951, 336
978, 356
993, 369
1002, 375
1008, 382
1013, 387
1016, 388
1018, 390
1020, 391
1020, 392
1021, 392
1021, 392
1021, 392
1021, 392
done
1021, 392
1021, 392
1021, 392
1021, 392
1020, 392
1017, 390
1009, 387
995, 383
982, 378
958, 376
932, 375
902, 375
857, 375
810, 375
760, 375
714, 375
684, 375
663, 375
646, 375
635, 375
628, 375
626, 375
625, 375
625, 375
625, 375
625, 375
625, 375
625, 375
625, 375
625, 375
625, 374
634, 363
652, 346
684, 326
730, 301
784, 276
830, 255
870, 244
902, 237
923, 233
940, 231
955, 228
964, 223
974, 219
977, 217
977, 217
980, 215
983, 214
986, 211
987, 209
988, 208
988, 208
988, 208
988, 208
988, 208
988, 208
988, 208
988, 208
988, 208
988, 208
989, 208
989, 209
989, 217
992, 232
993, 250
993, 274
993, 303
994, 330
996, 353
998, 372
1000, 382
1000, 382
1004, 389
1006, 393
1008, 396
1009, 398
1009, 399
1009, 399
1009, 399
1009, 399
1010, 399
1010, 399
1011, 399
1012, 398
1014, 396
1019, 391
1022, 386
1026, 381
1027, 378
1029, 377
1029, 376
1030, 376
1030, 376
1030, 376
1030, 376
1030, 376
1030, 376
1030, 376
1030, 376
1030, 376
1030, 376
1030, 376
1030, 376
1030, 376
1030, 376
1030, 376
1030, 376
1030, 376
1030, 376
1030, 376
1029, 376
1029, 377
done
1027, 378
1024, 379
1016, 382
1007, 386
997, 389
981, 392
960, 395
939, 395
926, 395
912, 395
912, 395
900, 395
892, 396
883, 396
875, 400
868, 402
859, 406
854, 410
847, 415
840, 419
837, 422
834, 423
830, 427
829, 428
828, 430
827, 430
827, 431
827, 432
827, 434
827, 436
828, 438
833, 442
841, 448
862, 462
889, 477
917, 492
940, 499
957, 500
965, 501
972, 501
975, 501
976, 501
976, 501
977, 501
977, 501
978, 501
978, 501
978, 501
978, 501
978, 501
978, 501
978, 501
978, 501
980, 501
984, 501
989, 501
997, 499
1010, 498
1023, 496
1039, 491
done
1056, 487
1069, 479
1076, 472
1078, 471
1078, 470
1079, 469
1079, 468
1079, 468
1079, 467
1078, 466
1073, 464
1060, 458
1037, 451
1017, 450
998, 450
982, 454
971, 459
965, 461
961, 462
956, 466
954, 471
953, 477
done
953, 483
953, 486
954, 487
958, 489
963, 490
971, 491
980, 491
991, 491
1006, 491
1019, 491
1031, 488
1039, 481
1047, 473
1056, 463
1059, 451
1059, 436
1058, 423
1051, 405
1035, 388
1035, 388
1018, 376
997, 372
976, 372
952, 372
928, 372
907, 374
886, 379
863, 387
844, 401
827, 417
818, 430
812, 445
810, 458
810, 471
820, 485
832, 500
854, 519
873, 526
894, 528
911, 528
917, 528
920, 525
920, 523
916, 514
904, 499
882, 488
857, 476
818, 472
759, 470
687, 465
628, 463
582, 463
543, 463
516, 463
498, 466
486, 467
476, 468
467, 468
460, 468
450, 468
441, 468
432, 468
432, 468
425, 468
415, 468
408, 468
405, 468
401, 467
397, 464
394, 462
392, 461
390, 459
388, 456
387, 448
387, 440
387, 429
394, 419
402, 406
418, 390
436, 371
456, 352
470, 335
done
484, 317
496, 299
502, 291
done
503, 287
504, 285
504, 285
504, 285
504, 285
504, 285
504, 285
504, 285
504, 285
504, 285
504, 285
503, 285
499, 287
492, 292
476, 306
done
458, 324
440, 341
422, 358
405, 376
392, 394
384, 412
382, 422
382, 430
382, 435
382, 437
382, 439
383, 440
386, 442
389, 443
396, 446
407, 447
431, 447
464, 447
510, 446
549, 440
585, 438
608, 438
627, 438
637, 437
646, 434
651, 431
654, 430
657, 429
done
658, 428
658, 428
658, 428
658, 428
658, 428
658, 428
658, 428
658, 428
658, 428
658, 428
656, 428
656, 428
649, 426
630, 423
609, 419
583, 414
544, 405
508, 404
487, 402
465, 402
455, 402
447, 402
442, 402
439, 402
437, 402
436, 402
436, 402
436, 402
436, 402
436, 402
436, 402
436, 402
436, 402
436, 402
436, 402
436, 402
436, 402
436, 402
437, 402
438, 402
439, 402
443, 402
447, 402
456, 402
466, 403
477, 406
485, 408
491, 411
495, 414
499, 416
501, 418
503, 419
504, 422
505, 422
505, 422
505, 422
505, 422
505, 422
505, 422
506, 422
506, 422
506, 422
506, 422
506, 422
506, 422
506, 422
506, 422
506, 422
506, 422
506, 422
506, 422
506, 422
506, 422
506, 422
506, 422
506, 421
508, 417
509, 413
509, 402
509, 391
505, 374
498, 353
492, 340
490, 335
489, 333
488, 331
488, 331
488, 330
488, 330
488, 330
488, 330
488, 330
488, 330
488, 330
488, 330
488, 330
488, 330
488, 330
489, 330
489, 330
489, 330
489, 330
489, 330
490, 330
491, 330
492, 330
492, 330
493, 330
494, 330
495, 330
497, 330
500, 331
507, 335
518, 336
532, 341
557, 350
610, 371
660, 395
714, 425
767, 460
812, 489
done
837, 510
849, 521
852, 526
855, 531
855, 534
855, 535
855, 536
855, 537
855, 538
854, 539
853, 539
852, 539
852, 539
852, 539
852, 539
852, 539
852, 539
852, 539
852, 539
852, 539
852, 539
852, 539
852, 539
852, 539
852, 539
852, 539
851, 539
848, 540
846, 540
838, 540
827, 540
814, 540
done
804, 540
795, 540
791, 540
786, 540
786, 540
786, 540
785, 540
785, 540
785, 540
785, 540
785, 540
785, 540
785, 540
792, 541
803, 543
824, 543
879, 554
947, 571
1029, 581
1084, 584
1117, 585
1128, 585
1133, 585
1134, 586
1135, 586
1135, 586
1135, 586
1135, 586
1135, 586
1135, 586
1135, 586
1135, 586
1135, 586
1135, 586
1134, 586
done
1131, 586
1126, 587
1117, 589
1107, 593
1092, 602
1076, 609
1061, 618
1051, 621
1045, 621
1040, 621
done
1036, 621
1034, 621
1032, 621
1030, 621
1029, 621
1026, 621
1022, 620
1020, 620
1019, 620
1018, 620
1018, 620
1018, 620
1018, 620
1018, 620
1018, 620
1018, 620
1018, 620
1018, 620
1018, 620
1018, 620
1018, 620
1018, 620
1018, 620
1018, 620
1018, 620
1018, 620
1018, 620
1018, 620
1018, 620
1018, 620
1018, 620
1018, 620
1018, 620
1018, 620
1018, 620
1018, 620
1018, 620
1018, 620
1018, 619
1016, 616
1010, 611
996, 594
976, 575
943, 553
916, 541
896, 533
882, 526
874, 518
870, 514
865, 510
863, 508
862, 508
862, 508
862, 508
862, 508
862, 508
862, 508
862, 508
862, 508
862, 508
862, 508
862, 508
862, 508
862, 508
862, 508
862, 508
862, 508
862, 508
862, 508
863, 508
done
870, 508
879, 508
894, 508
910, 508
923, 508
930, 508
934, 508
935, 508
935, 508
935, 508
935, 508
935, 508
935, 508
936, 508
936, 508
937, 508
937, 508
937, 507
938, 507
938, 507
939, 506
940, 505
943, 504
947, 502
956, 500
967, 500
980, 500
993, 502
1006, 508
1014, 516
1023, 521
1030, 529
1035, 538
1040, 543
1045, 547
1049, 552
1056, 559
1062, 564
1067, 570
1071, 574
1073, 575
1074, 576
1074, 576
1074, 576
1074, 576
1074, 576
1074, 576
1074, 576
1074, 576
1074, 576
1074, 576
1074, 576
1074, 576
1074, 576
1074, 576
1074, 576
1074, 576
1074, 576
1074, 576
1074, 576
1074, 576
1074, 576
1074, 576
1074, 576
1074, 576
1074, 576
1074, 576
1074, 576
1074, 576
1074, 576
1074, 576
1074, 576
1074, 576
1074, 576
1074, 576
1074, 576
1074, 576
1074, 576
1074, 576
1074, 576
1074, 576
1074, 576
1072, 574
1065, 563
1050, 548
1032, 530
1002, 504
954, 472
900, 445
846, 417
792, 392
740, 371
686, 348
643, 335
622, 331
603, 325
595, 324
592, 324
591, 324
590, 324
590, 324
590, 324
590, 324
590, 324
590, 324
590, 324
590, 324
590, 324
590, 324
590, 324
590, 324
done
590, 324
590, 324
590, 324
590, 324
590, 324
590, 324
590, 324
590, 324
590, 324
590, 324
590, 324
590, 324
590, 324
590, 324
590, 324
590, 324
590, 324
590, 324
590, 324
590, 324
590, 324
590, 324
590, 324
590, 324
590, 324
590, 324
590, 324
590, 324
590, 324
590, 324
590, 324
590, 324
590, 324
590, 324
590, 324
590, 324
590, 324
590, 324
590, 324
590, 324
590, 324
590, 324
590, 324
590, 324
590, 324
590, 324
590, 324
590, 324
590, 324
590, 327
596, 341
602, 356
614, 375
done
636, 398
656, 416
693, 442
739, 467
774, 487
791, 498
805, 504
821, 513
831, 519
841, 523
859, 534
done
867, 537
877, 540
887, 545
897, 549
901, 550
904, 550
905, 551
907, 552
909, 553
910, 553
911, 554
911, 554
911, 554
911, 554
911, 554
911, 554
911, 554
911, 554
911, 554
911, 554
911, 554
911, 554
911, 554
911, 554
911, 554
911, 554
911, 554
911, 554
911, 554
911, 554
911, 554
911, 554
911, 554
911, 554
911, 554
911, 554
911, 554
911, 554
911, 554
911, 554
911, 554
911, 554
911, 554
911, 554
911, 554
911, 554
911, 554
911, 554
910, 554
909, 554
906, 553
899, 553
893, 553
881, 553
858, 553
815, 553
764, 553
714, 553
660, 553
617, 553
594, 553
578, 553
578, 553
571, 553
567, 553
565, 553
565, 553
done
565, 553
565, 553
565, 553
565, 553
565, 553
565, 553
565, 553
565, 553
565, 553
565, 553
565, 553
565, 553
565, 553
565, 553
565, 553
565, 553
565, 553
565, 553
566, 553
570, 553
577, 551
587, 549
597, 548
611, 548
623, 548
630, 548
635, 548
638, 548
641, 548
643, 548
644, 548
645, 548
646, 548
648, 548
650, 548
650, 548
650, 548
650, 548
650, 548
649, 548
640, 549
627, 553
600, 556
561, 563
526, 573
493, 583
473, 587
463, 589
459, 589
456, 589
456, 589
455, 590
454, 590
454, 590
454, 590
454, 590
454, 590
454, 590
454, 590
454, 590
454, 590
454, 590
454, 590
454, 590
454, 590
454, 590
454, 590
454, 590
454, 590
454, 590
454, 590
454, 590
454, 590
454, 590
454, 590
458, 590
465, 590
475, 588
482, 586
490, 584
496, 580
508, 575
508, 575
519, 568
532, 558
547, 547
562, 537
574, 532
581, 528
589, 525
593, 523
596, 521
597, 520
599, 520
599, 519
599, 519
599, 519
599, 519
599, 519
599, 519
599, 519
599, 519
599, 519
599, 519
598, 517
586, 510
567, 503
546, 500
514, 496
464, 494
413, 492
362, 490
312, 488
277, 488
256, 488
248, 488
241, 488
236, 488
231, 488
227, 488
222, 488
217, 488
213, 488
211, 488
211, 488
211, 488
211, 488
done
211, 488
211, 488
211, 488
211, 488
211, 488
done
211, 488
211, 488
211, 488
211, 488
211, 488
211, 488
211, 488
211, 488
211, 488
211, 488
211, 488
212, 488
214, 488
215, 488
219, 488
222, 488
227, 488
235, 487
245, 487
254, 485
266, 485
280, 482
299, 479
320, 475
343, 472
378, 469
422, 464
467, 460
514, 458
557, 452
589, 447
613, 438
613, 438
627, 436
635, 435
637, 434
638, 434
639, 434
639, 434
639, 434
639, 434
639, 434
639, 434
639, 434
639, 434
639, 434
639, 434
639, 434
639, 434
639, 434
639, 434
639, 434
639, 434
639, 434
639, 434
done
639, 434
639, 434
639, 434
639, 434
639, 434
639, 434
639, 434
639, 434
639, 434
639, 434
639, 434
639, 434
639, 434
639, 434
639, 434
639, 434
639, 434
639, 434
639, 434
639, 434
639, 433
634, 430
616, 420
578, 400
520, 379
454, 351
371, 327
258, 295
140, 266
140, 266
82, 250
53, 239
34, 234
27, 232
25, 231
25, 231
25, 231
25, 231
25, 231
25, 231
25, 231
25, 231
25, 231
25, 231
25, 231
25, 231
25, 231
done
25, 231
25, 231
25, 231
25, 231
25, 231
25, 231
25, 231
25, 231
25, 231
25, 231
27, 231
36, 234
46, 236
69, 244
112, 256
171, 273
234, 297
317, 323
410, 355
494, 376
549, 390
592, 395
622, 395
645, 397
663, 398
674, 398
682, 398
690, 398
695, 398
698, 398
702, 398
703, 398
706, 398
710, 398
712, 398
713, 398
713, 398
714, 398
714, 398
714, 398
714, 398
714, 398
714, 398
714, 398
714, 398
714, 398
714, 398
714, 398
714, 398
714, 398
714, 398
712, 400
712, 400
706, 405
702, 409
done
697, 415
692, 420
687, 425
684, 428
682, 432
682, 437
682, 443
682, 449
682, 456
683, 462
686, 467
688, 472
695, 478
702, 485
710, 492
719, 497
731, 504
740, 509
756, 522
773, 536
790, 554
806, 568
826, 579
844, 589
852, 594
856, 596
860, 596
861, 597
861, 597
861, 597
861, 597
861, 597
861, 597
861, 597
861, 597
861, 597
861, 597
861, 597
861, 597
861, 597
861, 597
861, 597
861, 597
done
861, 597
861, 597
861, 597
861, 597
861, 597
861, 597
861, 597
861, 597
861, 597
861, 597
861, 597
861, 597
861, 597
861, 597
861, 597
861, 597
860, 597
859, 596
856, 596
851, 595
842, 594
824, 591
824, 591
798, 588
751, 584
695, 584
641, 584
598, 584
569, 584
548, 586
538, 588
529, 589
526, 589
523, 589
519, 589
514, 589
510, 589
507, 589
504, 589
502, 589
499, 589
497, 589
494, 589
493, 589
491, 589
490, 589
490, 589
490, 589
490, 589
490, 589
done
489, 589
488, 589
488, 589
487, 589
486, 589
485, 589
483, 589
481, 589
478, 588
475, 588
474, 588
472, 588
470, 588
469, 588
467, 588
466, 588
465, 588
465, 588
465, 588
465, 588
465, 588
465, 588
465, 588
466, 587
469, 585
469, 585
473, 584
477, 581
481, 579
482, 578
484, 576
485, 575
487, 574
490, 571
494, 564
501, 552
509, 539
524, 520
536, 502
546, 479
550, 470
553, 464
555, 460
556, 457
558, 452
560, 449
561, 446
563, 443
565, 440
565, 438
566, 437
566, 437
566, 437
566, 437
566, 437
566, 437
566, 437
566, 437
566, 437
566, 437
566, 437
566, 437
566, 437
done
566, 437
566, 437
566, 437
566, 437
566, 437
566, 437
566, 437
566, 437
566, 437
566, 437
566, 437
566, 437
566, 437
566, 437
566, 437
566, 437
566, 437
566, 437
566, 437
566, 437
566, 437
566, 437
566, 437
566, 437
566, 437
566, 437
567, 438
571, 442
579, 455
595, 471
616, 497
671, 554
730, 608
791, 654
841, 678
876, 691
895, 701
912, 708
921, 711
927, 712
931, 713
933, 713
934, 713
934, 713
935, 713
936, 713
939, 713
942, 713
948, 713
953, 710
959, 705
964, 697
970, 679
970, 632
960, 586
935, 532
896, 479
866, 459
847, 450
done
833, 447
825, 446
817, 445
813, 445
813, 445
810, 445
809, 445
807, 445
806, 445
805, 445
805, 445
804, 445
803, 445
802, 445
802, 445
802, 445
802, 445
802, 445
802, 445
802, 445
802, 445
802, 445
803, 445
804, 445
804, 445
805, 445
805, 445
805, 445
805, 445
805, 445
805, 445
805, 445
805, 445
805, 445
805, 445
805, 445
805, 445
805, 445
805, 445
805, 445
805, 445
805, 445
805, 445
805, 445
805, 445
805, 445
805, 445
805, 445
805, 445
805, 445
805, 445
805, 445
805, 445
805, 445
805, 445
806, 445
810, 440
819, 421
835, 388
852, 338
860, 295
863, 260
864, 231
864, 210
864, 198
864, 195
864, 193
864, 193
864, 192
864, 191
864, 191
864, 191
done
864, 191
864, 191
864, 191
864, 191
864, 191
864, 191
864, 191
864, 191
864, 191
864, 191
864, 191
864, 191
864, 191
864, 191
864, 191
864, 191
864, 191
865, 191
868, 191
879, 191
900, 191
926, 191
955, 191
981, 191
1002, 191
1021, 189
1031, 188
1035, 188
1037, 185
1039, 183
1040, 181
1041, 179
1042, 178
1043, 175
1045, 173
1046, 169
1048, 166
1051, 163
1055, 161
1059, 157
1068, 151
1083, 137
1108, 124
1131, 113
1147, 105
1155, 100
1162, 95
1164, 94
1164, 94
1164, 93
1164, 93
1164, 93
1164, 93
1164, 93
1164, 93
1164, 93
1164, 93
1164, 93
1164, 93
1164, 93
1164, 93
1164, 93
1164, 93
1164, 93
1164, 93
done
1164, 93
1164, 93
1164, 93
1164, 93
1164, 93
1163, 93
1161, 94
1159, 95
1156, 96
1156, 96
1154, 99
1151, 101
1147, 103
1142, 109
1135, 114
1127, 119
1117, 128
1104, 141
1089, 158
1071, 176
1045, 207
1006, 252
971, 290
939, 330
922, 354
905, 370
891, 384
881, 394
874, 400
869, 406
865, 411
864, 413
862, 414
862, 415
861, 416
860, 417
860, 418
859, 420
859, 421
858, 421
858, 421
858, 421
858, 421
858, 421
858, 421
858, 421
858, 421
858, 421
858, 421
858, 421
858, 421
done
858, 421
858, 421
858, 421
858, 421
858, 421
858, 421
858, 421
858, 421
858, 421
858, 421
858, 421
858, 421
858, 421
866, 418
886, 404
934, 378
989, 351
1032, 322
1082, 296
1106, 280
1121, 273
1127, 268
1130, 266
1133, 265
1134, 265
1135, 264
1136, 264
1137, 264
1137, 264
1137, 264
1137, 264
1137, 264
1137, 264
1137, 264
1137, 264
1137, 264
1137, 264
1137, 264
1137, 264
1137, 264
1137, 264
1137, 264
1137, 264
1137, 264
1135, 265
1122, 274
1103, 291
done
1073, 312
1023, 338
969, 365
915, 390
874, 408
845, 412
826, 413
813, 416
805, 418
799, 421
799, 421
795, 421
792, 422
789, 422
786, 422
785, 422
785, 422
785, 422
785, 422
785, 422
785, 422
785, 422
785, 422
785, 422
785, 422
785, 422
785, 422
785, 422
785, 422
785, 422
785, 422
788, 420
806, 410
830, 393
856, 381
882, 369
909, 358
930, 352
947, 345
955, 339
960, 335
962, 334
963, 334
963, 334
963, 334
done
963, 334
963, 334
963, 334
963, 334
962, 336
956, 342
946, 355
934, 370
923, 384
909, 398
894, 414
881, 435
873, 447
865, 457
863, 463
860, 468
858, 475
855, 481
853, 484
852, 487
852, 489
851, 490
851, 492
850, 494
850, 495
849, 496
849, 498
849, 501
848, 502
848, 503
848, 504
848, 505
done
848, 505
848, 505
848, 505
849, 505
853, 505
863, 500
879, 487
893, 475
897, 467
899, 457
899, 452
895, 450
890, 447
879, 443
864, 440
851, 438
839, 438
829, 438
822, 438
820, 438
819, 438
819, 438
819, 438
819, 438
819, 438
819, 438
819, 438
819, 438
819, 438
819, 438
819, 438
819, 438
819, 438
819, 438
819, 438
819, 438
819, 438
819, 438
819, 438
819, 438
819, 438
819, 438
819, 438
819, 438
819, 438
819, 438
819, 438
818, 438
816, 438
815, 438
814, 438
814, 438
811, 438
810, 438
808, 438
805, 437
799, 434
787, 428
771, 421
757, 416
741, 411
727, 406
710, 400
689, 390
673, 383
661, 380
651, 379
643, 377
632, 372
620, 365
601, 358
593, 356
586, 355
584, 355
581, 353
580, 352
578, 351
575, 350
572, 349
569, 349
566, 348
done
565, 348
563, 347
559, 345
551, 343
542, 338
533, 333
523, 326
516, 323
514, 322
513, 321
511, 320
510, 320
510, 319
509, 319
508, 319
508, 319
508, 319
508, 319
508, 319
508, 319
508, 319
508, 319
508, 319
508, 319
508, 321
509, 338
509, 353
504, 372
496, 386
491, 393
487, 398
485, 400
483, 400
482, 400
481, 400
480, 400
478, 400
478, 400
477, 400
475, 400
474, 401
473, 402
471, 405
469, 407
468, 408
467, 409
467, 411
467, 412
468, 412
471, 413
481, 413
503, 413
532, 411
558, 402
576, 394
590, 385
606, 376
617, 376
626, 376
637, 376
647, 380
653, 384
661, 392
669, 401
678, 410
685, 416
691, 418
695, 419
699, 419
706, 419
713, 419
723, 414
735, 409
751, 397
762, 385
767, 373
767, 373
769, 365
767, 359
762, 353
755, 345
739, 329
715, 310
698, 296
687, 281
681, 272
680, 263
678, 250
678, 236
680, 222
690, 209
723, 201
773, 191
823, 180
863, 170
889, 163
done
915, 161
933, 161
948, 161
961, 161
972, 161
983, 163
992, 164
done
995, 164
996, 164
996, 164
996, 164
996, 164
996, 164
996, 164
996, 164
996, 164
996, 164
996, 164
996, 164
996, 164
996, 164
996, 164
996, 164
996, 164
996, 164
996, 164
994, 165
989, 168
981, 171
968, 177
953, 181
941, 181
929, 184
915, 186
901, 187
888, 188
873, 188
854, 188
833, 188
811, 188
784, 188
757, 188
724, 190
698, 190
669, 188
634, 180
594, 168
549, 149
525, 136
509, 118
497, 92
489, 60
488, 39
486, 32
486, 32
486, 29
486, 28
486, 28
486, 28
486, 28
486, 28
486, 28
486, 28
485, 28
485, 29
481, 32
476, 37
467, 43
456, 51
441, 55
done
425, 64
404, 76
386, 87
done
371, 97
371, 97
363, 107
358, 111
358, 117
361, 121
369, 128
395, 139
457, 153
562, 169
661, 177
711, 188
749, 202
760, 209
764, 212
764, 214
764, 215
762, 217
753, 223
done
742, 232
724, 239
702, 248
685, 256
664, 261
652, 265
649, 266
648, 266
648, 266
648, 265
646, 259
643, 250
630, 236
614, 219
601, 202
579, 177
549, 138
532, 114
518, 100
510, 94
509, 92
508, 91
508, 91
508, 91
507, 90
507, 90
507, 90
507, 90
507, 90
507, 90
507, 90
511, 90
535, 91
586, 97
679, 117
783, 141
881, 164
950, 186
994, 207
1012, 213
1017, 215
1019, 215
1019, 215
1019, 215
1019, 215
1019, 215
1019, 215
1019, 215
1019, 215
1019, 215
1019, 215
1019, 215
1018, 215
1014, 214
1003, 209
1003, 209
979, 205
946, 203
901, 201
845, 199
799, 192
753, 182
726, 178
715, 177
710, 177
707, 177
706, 177
706, 177
706, 177
706, 177
706, 177
706, 177
706, 177
706, 177
706, 177
706, 177
706, 177
706, 177
706, 177
706, 177
706, 177
706, 177
706, 177
706, 177
706, 177
706, 177
706, 178
706, 178
706, 179
706, 180
708, 183
709, 186
712, 190
713, 195
714, 200
715, 205
715, 209
715, 212
715, 214
715, 218
714, 222
714, 225
714, 227
713, 228
713, 229
712, 230
712, 232
710, 233
709, 235
706, 238
done
704, 241
700, 243
694, 246
683, 247
676, 247
671, 247
668, 247
666, 245
663, 243
662, 241
661, 238
660, 232
659, 225
659, 218
658, 214
657, 211
657, 209
657, 209
655, 208
651, 204
643, 200
628, 192
607, 185
581, 176
560, 170
538, 168
522, 162
504, 155
483, 148
462, 140
450, 138
438, 136
428, 132
413, 124
403, 118
392, 112
385, 105
375, 99
366, 93
360, 86
352, 80
341, 69
336, 64
331, 58
328, 56
323, 52
318, 48
312, 45
308, 45
302, 45
298, 45
293, 46
287, 49
277, 57
261, 69
248, 83
238, 98
233, 108
233, 116
233, 120
235, 127
239, 131
244, 137
250, 146
264, 163
285, 181
316, 206
355, 227
355, 227
413, 257
446, 272
446, 272
496, 294
521, 301
533, 308
536, 310
538, 311
538, 312
538, 313
533, 317
521, 329
498, 343
458, 369
406, 388
366, 399
done
321, 401
278, 401
241, 397
217, 390
197, 381
174, 366
161, 355
147, 344
134, 329
127, 321
121, 313
117, 302
116, 297
116, 291
122, 283
135, 265
151, 246
168, 232
190, 216
207, 207
217, 203
226, 198
231, 198
234, 198
238, 198
241, 198
241, 198
246, 199
252, 200
261, 201
269, 201
done
273, 201
275, 201
275, 201
275, 201
275, 201
276, 202
278, 202
282, 202
290, 203
303, 203
320, 206
336, 209
351, 212
367, 214
383, 215
404, 215
433, 216
465, 216
489, 216
511, 213
522, 209
522, 209
530, 209
532, 209
533, 209
533, 209
533, 209
533, 209
533, 209
533, 210
532, 212
527, 217
518, 223
511, 228
504, 232
497, 238
488, 242
485, 247
480, 255
480, 258
480, 259
480, 260
488, 269
506, 286
539, 306
564, 321
590, 333
611, 342
624, 345
630, 345
633, 346
633, 346
633, 346
633, 346
done
633, 346
633, 346
633, 346
632, 347
622, 355
603, 370
573, 393
528, 432
490, 460
464, 479
451, 494
443, 500
443, 500
441, 502
441, 503
441, 504
441, 504
441, 504
441, 504
441, 504
440, 504
438, 504
434, 504
422, 505
395, 505
348, 504
302, 503
256, 497
206, 485
175, 477
154, 470
137, 463
125, 458
119, 455
117, 452
115, 449
112, 447
112, 447
112, 447
112, 447
112, 447
112, 447
done
113, 447
114, 446
116, 446
126, 449
141, 454
156, 460
174, 467
199, 484
214, 494
229, 506
258, 529
300, 553
354, 576
408, 598
460, 617
494, 627
517, 631
done
531, 633
545, 633
556, 633
567, 632
575, 631
584, 629
591, 626
597, 621
603, 615
607, 612
609, 609
610, 607
611, 606
612, 605
612, 605
612, 603
612, 603
612, 602
611, 600
610, 598
604, 595
600, 592
596, 590
592, 588
589, 586
588, 585
587, 584
587, 583
588, 581
596, 574
614, 557
661, 531
711, 505
766, 481
806, 463
827, 450
839, 443
844, 438
845, 437
845, 437
845, 436
845, 436
845, 436
done
845, 436
845, 436
845, 435
845, 435
845, 435
845, 435
845, 435
845, 435
845, 435
845, 435
845, 435
845, 435
845, 435
845, 435
844, 435
840, 435
827, 435
811, 442
784, 458
744, 484
710, 507
684, 525
669, 536
665, 539
664, 539
664, 539
664, 539
664, 539
664, 539
664, 539
done
664, 539
664, 539
664, 539
664, 539
664, 539
664, 539
664, 539
664, 539
664, 539
664, 539
665, 537
678, 524
701, 502
748, 458
787, 434
828, 408
849, 396
862, 386
871, 379
874, 376
875, 375
876, 374
876, 374
876, 374
876, 374
876, 374
876, 374
876, 374
876, 374
876, 374
876, 374
876, 374
876, 374
done
876, 374
876, 374
876, 374
876, 374
876, 374
876, 374
876, 374
876, 374
876, 374
876, 374
876, 374
876, 374
876, 374
876, 374
876, 374
875, 374
875, 374
873, 374
870, 371
862, 362
844, 344
826, 327
809, 310
792, 294
780, 281
772, 276
768, 274
765, 273
763, 272
760, 271
758, 270
758, 270
758, 270
757, 270
757, 270
757, 270
757, 270
757, 270
757, 270
757, 270
757, 270
757, 270
757, 270
757, 270
757, 270
757, 269
757, 268
761, 268
767, 265
773, 263
779, 261
782, 261
783, 261
784, 260
784, 260
done
785, 260
785, 260
786, 260
786, 260
787, 260
788, 260
789, 260
792, 260
797, 257
806, 252
814, 247
825, 240
832, 232
842, 222
846, 213
847, 206
847, 199
847, 194
847, 190
846, 188
843, 185
836, 182
825, 180
812, 178
793, 177
772, 176
759, 176
747, 176
737, 177
732, 180
727, 182
722, 186
719, 191
717, 196
714, 200
714, 208
714, 213
714, 215
716, 217
719, 218
727, 221
736, 222
736, 222
750, 222
772, 219
789, 210
804, 198
816, 189
824, 180
828, 174
830, 170
831, 167
832, 165
832, 164
832, 164
832, 164
832, 164
832, 164
833, 165
844, 171
868, 187
918, 211
968, 237
1022, 262
1064, 284
1085, 294
1091, 297
1091, 298
1091, 298
1091, 298
1091, 298
1091, 298
1091, 298
1091, 298
1090, 298
1089, 298
1086, 296
1078, 289
1063, 277
1037, 261
1008, 248
981, 242
954, 237
933, 231
914, 228
914, 228
898, 224
884, 223
872, 223
862, 223
851, 223
837, 223
825, 223
813, 223
803, 224
793, 225
783, 228
773, 232
764, 238
759, 241
752, 243
done
747, 246
742, 248
737, 251
732, 253
725, 256
717, 259
709, 264
701, 267
696, 272
691, 275
685, 281
682, 285
678, 285
677, 285
675, 285
671, 279
667, 275
660, 264
648, 248
634, 227
620, 213
611, 202
603, 195
596, 188
592, 183
588, 181
584, 180
580, 178
576, 178
573, 178
573, 178
568, 178
564, 178
560, 178
done
554, 178
549, 178
544, 178
540, 178
537, 178
536, 177
538, 174
546, 170
547, 169
547, 169
547, 169
547, 169
547, 169
547, 169
547, 169
547, 169
547, 169
558, 179
566, 191
565, 192
553, 192
529, 186
488, 168
438, 144
384, 120
331, 93
done
296, 76
259, 57
233, 45
213, 36
197, 31
187, 27
174, 25
166, 23
160, 20
153, 16
145, 13
135, 9
129, 6
118, 2
118, 2
118, 2
118, 2
118, 2
118, 2
118, 2
118, 2
118, 2
118, 2
118, 2
118, 2
118, 2
118, 2
118, 2
118, 2
118, 2
118, 2
118, 2
118, 2
118, 2
118, 2
118, 2
118, 2
118, 2
118, 2
118, 2
118, 2
118, 2
118, 2
118, 2
118, 2
118, 2
118, 2
118, 2
118, 2
118, 2
118, 2
118, 2
118, 2
118, 2
118, 2
118, 2
118, 2
118, 2
118, 2
118, 2
118, 2
118, 2
118, 2
118, 2
118, 2
118, 2
118, 2
118, 2
118, 2
118, 2
118, 2
118, 2
118, 2
118, 2
118, 2
118, 2
118, 2
118, 2
118, 2
118, 2
118, 2
118, 2
118, 2
118, 2
118, 2
118, 2
118, 2
118, 2
118, 2
118, 2
118, 2
118, 2
118, 2
118, 2
118, 2
118, 2
118, 2
28, 9
45, 26
62, 43
91, 76
131, 110
163, 135
202, 165
249, 204
267, 219
286, 235
300, 245
315, 258
331, 270
346, 280
362, 291
374, 300
383, 305
390, 309
395, 311
395, 311
398, 312
400, 312
400, 312
400, 312
400, 312
400, 312
401, 312
401, 312
401, 312
401, 312
401, 312
401, 312
401, 312
401, 312
401, 312
401, 312
401, 312
401, 312
401, 311
401, 310
401, 309
400, 309
400, 309
400, 308
400, 308
400, 308
399, 308
399, 308
399, 308
399, 308
399, 308
399, 308
399, 308
399, 308
399, 308
399, 308
399, 307
399, 305
399, 304
399, 303
399, 303
399, 303
399, 303
399, 303
399, 303
399, 303
399, 303
399, 303
399, 303
400, 303
401, 302
402, 300
404, 298
406, 296
407, 292
407, 287
405, 275
397, 260
382, 243
359, 224
331, 210
302, 203
283, 200
283, 200
270, 199
256, 201
244, 208
234, 212
221, 220
209, 228
201, 236
196, 240
191, 245
190, 248
190, 249
190, 249
190, 250
190, 250
190, 250
190, 250
190, 250
191, 250
191, 250
193, 250
193, 249
191, 244
186, 234
171, 217
153, 199
136, 182
118, 164
103, 147
93, 134
83, 122
78, 115
76, 110
75, 109
75, 108
75, 108
75, 108
75, 108
75, 108
77, 107
80, 107
87, 107
98, 107
98, 107
111, 107
134, 105
164, 105
191, 105
218, 108
233, 108
250, 110
264, 112
277, 113
290, 113
305, 113
321, 113
339, 113
353, 113
372, 113
393, 113
410, 113
426, 113
436, 113
444, 113
447, 113
449, 113
450, 113
450, 113
450, 113
450, 113
450, 113
448, 113
445, 111
437, 110
422, 107
399, 102
367, 97
330, 97
295, 96
271, 96
257, 96
249, 96
241, 96
238, 98
237, 100
237, 100
235, 104
235, 110
235, 115
239, 120
252, 129
267, 139
294, 151
332, 158
382, 167
433, 169
491, 171
541, 171
595, 168
642, 162
672, 154
698, 145
723, 139
done
737, 136
749, 134
765, 129
780, 126
793, 122
799, 120
802, 120
802, 120
802, 120
802, 119
797, 118
786, 115
765, 110
722, 102
667, 95
605, 91
543, 88
466, 86
411, 86
364, 86
335, 86
317, 86
307, 86
299, 86
291, 86
286, 86
281, 87
271, 91
268, 93
265, 95
264, 96
264, 96
264, 96
264, 96
264, 96
264, 96
264, 96
264, 96
264, 96
264, 96
264, 96
264, 96
264, 95
265, 93
268, 88
278, 78
290, 67
303, 63
316, 60
330, 57
343, 55
356, 54
366, 54
370, 54
374, 54
384, 56
389, 59
393, 62
398, 67
400, 69
403, 71
405, 73
406, 76
406, 77
406, 79
406, 81
406, 82
405, 84
404, 85
399, 85
392, 84
383, 81
368, 76
368, 76
355, 71
334, 63
313, 55
292, 55
277, 54
265, 54
255, 54
247, 54
241, 54
234, 54
230, 54
226, 55
224, 56
221, 59
218, 60
217, 60
216, 60
215, 60
done
214, 61
213, 61
213, 61
213, 61
211, 62
208, 62
205, 62
199, 63
199, 63
191, 64
176, 64
164, 64
152, 68
142, 70
130, 72
118, 75
104, 79
94, 83
85, 87
81, 89
76, 92
71, 93
68, 94
66, 96
63, 96
63, 97
62, 98
61, 98
61, 98
61, 98
61, 98
61, 98
61, 98
61, 98
61, 98
61, 98
61, 98
61, 98
61, 98
61, 99
60, 99
60, 99
59, 99
59, 100
58, 100
58, 100
57, 100
57, 100
56, 100
54, 101
51, 101
47, 102
43, 103
36, 104
26, 105
18, 105
4, 105
4, 105
4, 105
4, 105
done
4, 105
4, 105
4, 105
4, 105
4, 105
4, 105
4, 105
4, 105
4, 105
4, 105
4, 105
4, 105
4, 105
done
4, 105
done
4, 105
4, 105
4, 105
4, 105
4, 105
4, 105
4, 105
4, 105
4, 105
4, 105
4, 105
4, 105
4, 105
4, 105
4, 105
4, 105
11, 110
24, 111
38, 112
52, 114
62, 115
71, 116
76, 117
83, 118
88, 118
95, 119
97, 120
101, 121
106, 124
110, 126
115, 130
119, 134
123, 138
128, 141
130, 144
135, 148
138, 152
142, 158
146, 164
152, 169
156, 175
161, 183
166, 189
175, 203
185, 214
199, 227
216, 243
231, 256
243, 264
258, 271
271, 279
287, 282
287, 282
300, 284
309, 285
314, 285
316, 285
317, 285
318, 285
318, 285
319, 285
319, 285
319, 285
320, 285
320, 285
321, 284
321, 284
321, 283
321, 281
321, 276
319, 271
314, 265
311, 260
308, 256
301, 251
294, 243
287, 238
285, 235
283, 232
280, 229
279, 226
275, 221
272, 217
269, 215
269, 215
269, 215
269, 215
271, 214
277, 212
289, 210
322, 201
367, 199
419, 199
469, 199
519, 199
558, 199
584, 199
599, 199
612, 199
621, 199
625, 199
631, 199
631, 199
633, 199
634, 199
634, 199
634, 199
634, 199
634, 199
634, 199
634, 199
634, 199
634, 199
633, 199
629, 200
625, 205
611, 208
598, 213
581, 216
567, 222
554, 226
541, 231
533, 233
529, 235
526, 236
525, 236
525, 236
525, 236
525, 236
525, 236
525, 236
525, 236
525, 236
525, 236
525, 236
526, 236
527, 236
527, 236
527, 236
528, 236
528, 236
528, 236
528, 236
529, 236
529, 236
529, 235
529, 234
526, 230
512, 218
493, 201
450, 170
425, 157
398, 142
374, 133
357, 127
346, 121
335, 116
329, 113
323, 110
315, 105
315, 105
310, 102
304, 99
297, 92
290, 87
287, 86
286, 84
285, 84
285, 83
285, 83
284, 82
282, 79
278, 75
273, 71
264, 65
248, 54
231, 44
210, 30
194, 18
184, 10
184, 10
184, 10
184, 10
184, 10
184, 10
184, 10
184, 10
184, 10
184, 10
184, 10
184, 10
done
184, 10
184, 10
184, 10
184, 10
184, 10
184, 10
184, 10
184, 10
184, 10
184, 10
184, 10
184, 10
184, 10
212, 70
223, 98
234, 116
244, 132
248, 142
255, 150
259, 158
266, 168
271, 176
276, 181
281, 187
286, 192
291, 198
299, 206
303, 211
309, 217
312, 221
314, 223
315, 226
317, 227
317, 227
317, 227
317, 227
317, 227
317, 227
317, 227
317, 227
317, 227
317, 227
317, 227
317, 227
317, 227
317, 227
317, 227
317, 227
317, 227
317, 227
317, 227
317, 227
317, 227
317, 227
317, 227
317, 227
317, 227
317, 227
317, 227
317, 227
317, 227
317, 227
317, 227
317, 227
317, 227
317, 227
315, 228
311, 231
305, 236
295, 242
281, 254
271, 260
264, 266
258, 270
256, 272
256, 272
256, 272
256, 272
256, 272
256, 272
256, 272
256, 272
257, 272
260, 272
263, 272
263, 272
264, 272
265, 272
265, 271
266, 270
266, 269
266, 267
266, 266
260, 265
257, 264
247, 264
233, 263
198, 259
158, 256
118, 247
66, 228
12, 201
12, 201
12, 201
12, 201
12, 201
12, 201
12, 201
10, 25
10, 25
10, 25
10, 25
10, 25
10, 25
10, 25
10, 25
10, 25
10, 25
10, 25
10, 25
10, 25
10, 25
10, 25
10, 25
10, 25
10, 25
10, 25
10, 25
10, 25
10, 25
10, 25
10, 25
10, 25
10, 25
10, 25
10, 25
10, 25
10, 25
done
10, 25
357, 16
357, 40
360, 61
360, 82
366, 111
371, 144
377, 171
377, 171
381, 195
386, 213
393, 232
397, 238
401, 243
407, 248
416, 251
426, 255
437, 255
454, 256
475, 256
499, 256
523, 253
542, 253
567, 254
593, 260
622, 263
651, 270
688, 279
728, 291
773, 300
819, 305
861, 308
894, 309
918, 313
929, 316
933, 316
934, 317
934, 317
934, 317
934, 318
932, 321
927, 326
916, 335
916, 335
900, 348
864, 367
823, 387
783, 398
751, 405
715, 406
682, 406
661, 406
648, 406
635, 405
631, 405
629, 404
629, 403
629, 402
631, 399
633, 397
635, 396
638, 395
638, 395
642, 393
658, 389
676, 383
697, 378
727, 373
766, 372
802, 363
840, 357
869, 354
893, 352
913, 351
931, 351
955, 351
978, 351
1010, 352
1061, 352
1112, 352
1162, 352
1162, 352
1162, 352
1162, 352
1162, 352
1162, 352
1162, 352
1162, 352
1162, 352
1162, 352
1162, 352
1162, 352
1162, 352
1162, 352
1162, 352
1162, 352
1162, 352
1162, 352
1162, 352
1127, 358
1044, 363
957, 371
873, 371
819, 371
790, 371
766, 371
747, 371
738, 371
732, 371
727, 371
723, 371
721, 371
719, 371
718, 371
717, 371
717, 371
717, 371
717, 371
717, 371
717, 371
717, 371
717, 371
717, 371
717, 371
717, 371
717, 371
717, 371
717, 371
717, 371
717, 371
717, 371
717, 371
717, 371
717, 371
717, 371
717, 371
717, 371
717, 371
725, 371
747, 371
797, 371
901, 371
1005, 370
1104, 367
1167, 362
1167, 362
1167, 362
1167, 362
1167, 362
1167, 362
1167, 362
1167, 362
1167, 362
1167, 362
1167, 362
1167, 362
1167, 362
1167, 362
1167, 362
1167, 362
1167, 362
1167, 362
1167, 362
1167, 362
1167, 362
1167, 362
1167, 362
1167, 362
1167, 362
1167, 362
1167, 362
1167, 362
1167, 362
1167, 362
1167, 362
1167, 362
1167, 362
1167, 362
1167, 362
1167, 362
1167, 362
1167, 362
1157, 364
1119, 364
1081, 364
1038, 364
988, 364
938, 364
891, 364
845, 364
800, 364
745, 364
695, 364
636, 364
574, 364
486, 364
403, 364
319, 364
208, 364
98, 364
98, 364
0, 364
0, 364
0, 364
0, 364
0, 364
0, 364
0, 364
0, 364
0, 364
0, 364
0, 364
0, 364
0, 364
0, 364
0, 364
0, 364
0, 364
0, 364
0, 364
0, 364
0, 364
0, 364
0, 364
0, 364
0, 364
0, 364
0, 364
0, 364
63, 351
258, 351
453, 351
648, 351
843, 351
1030, 351
1166, 351
1166, 351
1166, 351
1166, 351
1166, 351
1166, 351
1166, 351
1166, 351
1166, 351
1166, 351
1166, 351
1166, 351
1166, 351
1166, 351
1166, 351
1166, 351
1166, 351
1166, 351
1166, 351
1166, 351
1166, 351
1166, 351
1166, 351
1166, 351
1166, 351
1166, 351
1166, 351
1166, 351
1166, 351
1166, 351
1166, 351
1166, 351
1166, 351
1166, 351
1166, 351
1166, 351
1166, 351
1166, 351
1166, 351
1166, 351
1166, 351
1166, 351
1166, 351
1166, 351
1166, 351
1166, 351
1166, 351
1166, 351
1166, 351
1166, 351
1166, 351
1166, 351
1166, 351
1166, 351
1166, 351
1166, 351
1166, 351
1166, 351
1166, 351
1166, 351
1166, 351
1166, 351
1166, 351
1166, 351
1166, 351
1166, 351
1166, 351
1166, 351
1166, 351
1166, 351
1166, 351
1166, 351
1166, 351
1166, 351
1166, 351
1197, 357
1189, 357
1184, 357
1177, 357
1171, 357
1165, 357
1163, 357
1161, 357
1159, 357
1158, 357
1158, 357
1158, 357
1158, 357
1158, 357
1158, 357
1158, 357
1158, 357
1158, 357
1159, 357
1160, 357
1164, 357
1169, 357
1173, 357
1176, 357
1180, 357
1183, 357
1186, 357
1189, 357
1193, 357
1194, 357
1196, 357
1198, 357
1199, 357
1199, 357
1199, 357
1199, 357
1199, 357
1199, 357
1199, 357
1199, 357
1199, 357
1199, 357
1199, 357
1199, 357
1199, 357
1199, 357
1199, 357
1199, 357
1199, 357
1199, 357
1199, 357
1199, 357
1199, 357
1199, 357
1199, 357
1199, 357
1199, 357
1199, 357
1199, 357
1199, 357
1199, 357
1199, 357
1199, 357
1199, 357
1199, 357
1199, 357
1199, 357
1199, 357
1199, 357
1199, 357
1199, 357
1199, 357
1199, 357
1199, 357
1199, 357
1199, 357
1199, 357
1199, 357
1199, 357
1199, 357
1199, 357
1199, 357
1199, 357
1199, 359
1198, 359
1198, 359
1198, 359
1198, 359
1198, 359
1198, 359
1198, 359
1198, 359
1198, 359
1198, 359
1198, 359
1197, 359
1195, 360
1194, 360
1192, 360
1192, 360
1191, 360
1190, 360
1188, 360
1188, 360
1188, 360
1188, 360
1188, 360
1188, 360
1188, 360
1188, 360
1188, 360
1188, 360
1188, 360
1188, 360
1189, 360
1190, 360
1191, 360
1192, 360
1194, 360
1195, 360
1196, 360
1197, 360
1198, 360
1199, 360
1199, 360
1199, 360
1199, 360
1199, 360
1199, 360
1199, 360
1199, 360
1199, 360
1199, 360
1199, 360
1199, 360
1199, 360
1199, 360
1199, 360
1199, 360
1199, 360
1199, 360
1199, 360
1199, 360
1199, 360
1199, 360
1199, 360
1195, 360
1190, 360
1185, 360
1178, 360
1172, 360
1165, 360
1157, 359
1148, 359
1138, 359
1130, 359
1121, 359
1114, 359
1106, 358
1096, 358
1086, 358
1073, 358
1060, 358
1045, 358
1036, 358
1021, 358
1008, 358
994, 358
980, 358
963, 358
934, 358
913, 358
902, 356
899, 354
898, 349
898, 349
898, 349
898, 349
898, 349
898, 349
898, 349
898, 349
898, 349
898, 349
898, 349
898, 349
898, 349
898, 349
898, 349
898, 349
896, 349
880, 344
853, 343
807, 343
752, 343
694, 343
654, 341
634, 341
618, 341
598, 341
598, 341
578, 341
559, 341
536, 341
513, 341
486, 341
460, 343
440, 343
419, 344
401, 344
384, 344
371, 345
358, 345
347, 345
338, 346
329, 346
323, 346
317, 346
312, 346
308, 346
302, 346
296, 346
290, 346
282, 346
273, 346
266, 346
260, 346
252, 346
245, 346
240, 346
236, 346
231, 346
225, 346
219, 346
214, 346
207, 346
198, 346
192, 346
182, 346
173, 346
167, 346
161, 346
156, 346
152, 346
145, 346
139, 346
131, 346
123, 346
118, 346
111, 346
103, 346
97, 346
88, 346
88, 346
82, 346
76, 346
70, 346
63, 346
57, 346
52, 346
48, 346
45, 347
40, 347
37, 347
36, 347
34, 347
33, 347
32, 347
31, 347
29, 347
27, 347
24, 347
22, 347
19, 347
17, 347
15, 347
11, 347
11, 347
7, 347
2, 347
2, 347
2, 347
2, 347
2, 347
2, 347
2, 347
2, 347
2, 347
2, 347
2, 347
2, 347
2, 347
2, 347
2, 347
2, 347
2, 347
2, 347
2, 347
2, 347
2, 347
2, 347
2, 347
2, 347
2, 347
2, 347
2, 347
2, 347
2, 347
2, 347
2, 347
2, 347
2, 347
37, 343
88, 343
139, 343
174, 343
200, 343
221, 343
238, 343
249, 343
256, 342
263, 342
268, 341
274, 340
280, 337
286, 333
292, 328
299, 320
306, 311
312, 296
320, 279
332, 257
344, 238
354, 229
361, 224
369, 223
377, 222
388, 222
400, 221
407, 221
409, 221
410, 221
411, 222
412, 224
413, 225
413, 226
414, 226
415, 228
416, 234
419, 242
423, 249
428, 259
430, 271
436, 280
446, 299
459, 323
459, 323
471, 338
482, 348
496, 358
505, 361
514, 366
523, 371
528, 373
530, 374
531, 374
531, 374
531, 374
531, 374
531, 374
531, 374
530, 374
527, 373
521, 367
503, 349
478, 322
442, 290
380, 231
325, 181
284, 155
270, 148
269, 148
269, 148
269, 148
269, 148
269, 148
269, 148
269, 148
269, 148
269, 148
269, 148
269, 148
269, 148
270, 148
272, 149
278, 152
288, 158
307, 170
328, 186
350, 205
374, 223
389, 236
398, 244
407, 253
415, 259
420, 264
423, 267
427, 273
428, 274
428, 274
428, 275
428, 276
428, 276
428, 277
428, 278
428, 281
430, 283
431, 283
434, 283
435, 283
435, 283
435, 283
435, 283
435, 283
435, 283
435, 283
435, 283
435, 283
435, 284
436, 289
436, 292
435, 296
434, 305
432, 309
432, 312
432, 319
437, 332
442, 339
446, 343
451, 348
454, 352
456, 354
457, 354
457, 355
457, 355
457, 355
457, 355
457, 355
457, 355
457, 355
457, 355
457, 355
457, 354
457, 353
445, 344
412, 326
372, 307
303, 287
198, 275
198, 275
11, 271
11, 271
11, 271
11, 271
11, 271
11, 271
11, 271
11, 271
11, 271
11, 271
11, 271
11, 271
11, 271
11, 271
11, 271
11, 271
11, 271
11, 271
11, 271
11, 271
11, 271
11, 271
11, 271
11, 271
11, 271
11, 271
11, 271
11, 271
11, 271
11, 271
11, 271
11, 271
11, 271
11, 271
11, 271
11, 271
11, 271
11, 271
11, 271
11, 271
11, 271
11, 271
11, 271
11, 271
11, 271
11, 271
11, 271
11, 271
11, 271
11, 271
11, 271
done
11, 271
11, 271
11, 271
11, 271
11, 271
11, 271
11, 271
11, 271
11, 271
11, 271
11, 271
11, 271
11, 271
11, 271
12, 336
36, 336
57, 334
75, 333
89, 333
102, 332
111, 331
119, 331
124, 330
124, 330
124, 330
124, 330
124, 330
124, 330
124, 330
124, 330
124, 330
124, 330
124, 330
124, 330
122, 330
117, 333
106, 338
91, 339
78, 344
59, 349
41, 351
29, 353
17, 356
9, 357
4, 358
0, 359
0, 359
0, 359
0, 359
0, 359
0, 359
0, 359
0, 359
0, 359
0, 359
0, 359
0, 359
0, 359
0, 359
0, 359
0, 359
0, 359
0, 359
0, 359
0, 359
0, 359
0, 359
0, 359
0, 359
0, 359
0, 359
0, 359
0, 359
0, 359
0, 359
0, 359
0, 359
0, 359
0, 359
0, 359
0, 359
0, 359
0, 359
0, 359
0, 359
0, 359
0, 359
0, 359
0, 359
0, 359
0, 359
0, 359
0, 359
0, 359
0, 359
0, 359
0, 359
0, 359
0, 359
0, 359
0, 359
0, 359
0, 359
0, 359
0, 359
0, 359
0, 359
0, 359
0, 359
0, 359
0, 359
0, 359
0, 359
0, 359
0, 359
0, 359
0, 359
1087, 695
1091, 687
1099, 676
1105, 665
1107, 662
1111, 658
1114, 656
1117, 654
1120, 653
1125, 651
1129, 649
1132, 646
1136, 644
1139, 642
1142, 638
1146, 635
1149, 633
1152, 632
1152, 632
1152, 632
1152, 632
1152, 631
1153, 631
1153, 630
1153, 628
1154, 626
1154, 624
1154, 622
1154, 620
1153, 617
1151, 614
1147, 609
1142, 602
1136, 597
1130, 594
1123, 590
1115, 583
1102, 576
1085, 568
1068, 560
1044, 552
1025, 544
1025, 544
1006, 534
998, 530
992, 527
987, 525
981, 522
976, 517
974, 515
973, 514
972, 513
971, 512
971, 510
970, 509
970, 506
970, 504
970, 503
970, 500
969, 499
969, 497
969, 494
967, 493
966, 490
964, 482
963, 476
963, 470
963, 462
963, 455
967, 450
969, 448
974, 446
978, 444
984, 442
993, 439
1005, 435
1015, 431
1018, 430
1019, 430
1019, 430
1019, 430
1019, 430
1019, 430
1019, 430
1019, 430
1019, 430
1019, 428
1017, 426
1013, 421
1007, 411
998, 399
986, 386
969, 364
957, 336
957, 336
941, 299
936, 274
932, 260
929, 255
929, 251
929, 246
929, 244
929, 244
929, 244
929, 244
929, 244
929, 244
929, 244
929, 244
929, 244
929, 244
929, 244
929, 244
928, 244
927, 244
925, 246
921, 250
915, 253
done
907, 256
900, 259
892, 260
881, 263
863, 264
834, 264
805, 265
782, 265
782, 265
758, 265
737, 265
719, 265
703, 265
689, 264
675, 264
656, 263
614, 261
554, 256
482, 251
383, 243
279, 228
114, 210
114, 210
114, 210
114, 210
114, 210
114, 210
114, 210
114, 210
114, 210
114, 210
114, 210
114, 210
114, 210
114, 210
114, 210
114, 210
114, 210
114, 210
114, 210
114, 210
114, 210
114, 210
114, 210
114, 210
114, 210
114, 210
114, 210
114, 210
114, 210
114, 210
114, 210
114, 210
114, 210
114, 210
114, 210
114, 210
114, 210
114, 210
114, 210
114, 210
114, 210
114, 210
114, 210
114, 210
114, 210
114, 210
114, 210
114, 210
114, 210
114, 210
114, 210
114, 210
114, 210
114, 210
114, 210
114, 210
114, 210
114, 210
114, 210
114, 210
114, 210
422, 643
435, 593
443, 554
446, 536
449, 526
456, 512
462, 501
470, 489
478, 478
488, 468
497, 457
502, 452
507, 449
514, 444
518, 441
521, 439
525, 436
527, 435
529, 433
529, 433
529, 433
529, 433
529, 433
529, 433
529, 433
529, 433
529, 433
529, 433
529, 433
529, 433
529, 433
529, 433
529, 433
529, 433
529, 433
529, 433
529, 433
529, 433
529, 433
529, 433
529, 433
529, 433
529, 433
529, 433
520, 431
504, 425
481, 418
464, 415
456, 414
454, 411
451, 410
450, 409
450, 409
450, 409
450, 409
450, 409
450, 409
450, 409
450, 409
450, 409
450, 409
450, 409
450, 409
450, 409
450, 409
450, 411
449, 419
445, 425
445, 425
445, 434
445, 444
445, 444
445, 444
445, 444
445, 444
445, 444
445, 444
445, 444
445, 444
445, 444
445, 444
439, 441
418, 421
384, 394
320, 335
257, 272
192, 209
121, 144
34, 74
34, 74
34, 74
34, 74
34, 74
34, 74
34, 74
34, 74
34, 74
34, 74
34, 74
34, 74
34, 74
34, 74
34, 74
34, 74
34, 74
34, 74
34, 74
34, 74
34, 74
done
34, 74
34, 74
34, 74
34, 74
34, 74
34, 74
34, 74
34, 74
34, 74
34, 74
34, 74
34, 74
34, 74
34, 74
34, 74
34, 74
34, 74
34, 74
34, 74
34, 74
34, 74
34, 74
34, 74
34, 74
34, 74
34, 74
34, 74
34, 74
34, 74
34, 74
34, 74
34, 74
34, 74
34, 74
34, 74
